{"C:\\Users\\rdesa\\Desktop\\LambdaSchool\\testing-basics\\helpers.js": {"path":"C:\\Users\\rdesa\\Desktop\\LambdaSchool\\testing-basics\\helpers.js","statementMap":{"0":{"start":{"line":10,"column":4},"end":{"line":10,"column":47}},"1":{"start":{"line":14,"column":5},"end":{"line":14,"column":22}},"2":{"start":{"line":17,"column":1},"end":{"line":20,"column":2}}},"fnMap":{"0":{"name":"reverseString","decl":{"start":{"line":9,"column":10},"end":{"line":9,"column":23}},"loc":{"start":{"line":9,"column":32},"end":{"line":11,"column":2}},"line":9},"1":{"name":"returnArray","decl":{"start":{"line":13,"column":10},"end":{"line":13,"column":21}},"loc":{"start":{"line":13,"column":24},"end":{"line":15,"column":2}},"line":13}},"branchMap":{},"s":{"0":3,"1":0,"2":1},"f":{"0":3,"1":0},"b":{},"_coverageSchema":"332fd63041d2c1bcb487cc26dd0d5f7d97098a6c","hash":"f0cab6bdc4ec4798c1fdd38fa910145cc91d44be"}
}
